
> demo@1.0.0 build-storybook
> storybook build --output-dir C:\Users\ROBERT~1.MAU\AppData\Local\Temp\chromatic--15936-Ecb550ak1doQ

@storybook/cli v7.6.10

info => Cleaning outputDir: C:\Users\ROBERT~1.MAU\AppData\Local\Temp\chromatic--15936-Ecb550ak1doQ
info => Loading presets
info => Building manager..
info => Manager built (278 ms)
info => Building preview..
info => Copying static files: C:\Users\robert.mauger\demo\NewDemo\demo\node_modules\@storybook\manager\static at C:\Users\ROBERT~1.MAU\AppData\Local\Temp\chromatic--15936-Ecb550ak1doQ\sb-common-assets
[36mvite v4.5.2 [32mbuilding for production...[36m[39m

./sb-common-assets/fonts.css doesn't exist at build time, it will remain unchanged to be resolved at runtime
transforming...
node_modules/telejson/dist/index.mjs (1413:15) Use of eval in "node_modules/telejson/dist/index.mjs" is strongly discouraged as it poses security risks and may cause issues with minification.
node_modules/telejson/dist/index.mjs (1416:18) Use of eval in "node_modules/telejson/dist/index.mjs" is strongly discouraged as it poses security risks and may cause issues with minification.
[32m✓[39m 584 modules transformed.
rendering chunks...
computing gzip size...
[2m../../../../ROBERT~1.MAU/AppData/Local/Temp/chromatic--15936-Ecb550ak1doQ/[22m[32massets/youtube-9f26eb0b.svg                    [39m[1m[2m  0.72 kB[22m[1m[22m[2m │ gzip:   0.35 kB[22m
[2m../../../../ROBERT~1.MAU/AppData/Local/Temp/chromatic--15936-Ecb550ak1doQ/[22m[32massets/tutorials-adff6365.svg                  [39m[1m[2m  1.27 kB[22m[1m[22m[2m │ gzip:   0.62 kB[22m
[2m../../../../ROBERT~1.MAU/AppData/Local/Temp/chromatic--15936-Ecb550ak1doQ/[22m[32massets/discord-f7d1b78c.svg                    [39m[1m[2m  2.41 kB[22m[1m[22m[2m │ gzip:   1.12 kB[22m
[2m../../../../ROBERT~1.MAU/AppData/Local/Temp/chromatic--15936-Ecb550ak1doQ/[22m[32massets/github-cdfc3270.svg                     [39m[1m[2m  2.72 kB[22m[1m[22m[2m │ gzip:   1.22 kB[22m
[2m../../../../ROBERT~1.MAU/AppData/Local/Temp/chromatic--15936-Ecb550ak1doQ/[22m[32massets/context-c612d889.png                    [39m[1m[2m  6.12 kB[22m[1m[22m
[2m../../../../ROBERT~1.MAU/AppData/Local/Temp/chromatic--15936-Ecb550ak1doQ/[22m[32massets/styling-c83082e0.png                    [39m[1m[2m  7.24 kB[22m[1m[22m
[2m../../../../ROBERT~1.MAU/AppData/Local/Temp/chromatic--15936-Ecb550ak1doQ/[22m[32miframe.html                                    [39m[1m[2m 12.81 kB[22m[1m[22m[2m │ gzip:   3.59 kB[22m
[2m../../../../ROBERT~1.MAU/AppData/Local/Temp/chromatic--15936-Ecb550ak1doQ/[22m[32massets/docs-5b0c7100.png                       [39m[1m[2m 27.88 kB[22m[1m[22m
[2m../../../../ROBERT~1.MAU/AppData/Local/Temp/chromatic--15936-Ecb550ak1doQ/[22m[32massets/share-b59d6c77.png                      [39m[1m[2m 40.77 kB[22m[1m[22m
[2m../../../../ROBERT~1.MAU/AppData/Local/Temp/chromatic--15936-Ecb550ak1doQ/[22m[32massets/accessibility-cd6d60f7.png              [39m[1m[2m 42.34 kB[22m[1m[22m
[2m../../../../ROBERT~1.MAU/AppData/Local/Temp/chromatic--15936-Ecb550ak1doQ/[22m[32massets/figma-plugin-b0a5ad2d.png               [39m[1m[2m 44.25 kB[22m[1m[22m
[2m../../../../ROBERT~1.MAU/AppData/Local/Temp/chromatic--15936-Ecb550ak1doQ/[22m[32massets/theming-b6e819c3.png                    [39m[1m[2m 44.37 kB[22m[1m[22m
[2m../../../../ROBERT~1.MAU/AppData/Local/Temp/chromatic--15936-Ecb550ak1doQ/[22m[32massets/testing-6a59f681.png                    [39m[1m[2m 49.31 kB[22m[1m[22m
[2m../../../../ROBERT~1.MAU/AppData/Local/Temp/chromatic--15936-Ecb550ak1doQ/[22m[32massets/addon-library-bc7ba705.png              [39m[1m[2m467.37 kB[22m[1m[22m
[2m../../../../ROBERT~1.MAU/AppData/Local/Temp/chromatic--15936-Ecb550ak1doQ/[22m[35massets/Header-a6911580.css                     [39m[1m[2m  0.51 kB[22m[1m[22m[2m │ gzip:   0.30 kB[22m
[2m../../../../ROBERT~1.MAU/AppData/Local/Temp/chromatic--15936-Ecb550ak1doQ/[22m[35massets/Button-761485c0.css                     [39m[1m[2m  0.52 kB[22m[1m[22m[2m │ gzip:   0.29 kB[22m
[2m../../../../ROBERT~1.MAU/AppData/Local/Temp/chromatic--15936-Ecb550ak1doQ/[22m[35massets/Page.stories-ece1482a.css               [39m[1m[2m  0.93 kB[22m[1m[22m[2m │ gzip:   0.40 kB[22m
[2m../../../../ROBERT~1.MAU/AppData/Local/Temp/chromatic--15936-Ecb550ak1doQ/[22m[36massets/preview-ba2273f4.js                     [39m[1m[2m  0.15 kB[22m[1m[22m[2m │ gzip:   0.15 kB[22m
[2m../../../../ROBERT~1.MAU/AppData/Local/Temp/chromatic--15936-Ecb550ak1doQ/[22m[36massets/index-9eea8125.js                       [39m[1m[2m  0.21 kB[22m[1m[22m[2m │ gzip:   0.17 kB[22m
[2m../../../../ROBERT~1.MAU/AppData/Local/Temp/chromatic--15936-Ecb550ak1doQ/[22m[36massets/WithTooltip-V3YHNWJZ-6d859e14.js        [39m[1m[2m  0.36 kB[22m[1m[22m[2m │ gzip:   0.21 kB[22m
[2m../../../../ROBERT~1.MAU/AppData/Local/Temp/chromatic--15936-Ecb550ak1doQ/[22m[36massets/syntaxhighlighter-V7JZZA35-b5aad9df.js  [39m[1m[2m  0.38 kB[22m[1m[22m[2m │ gzip:   0.23 kB[22m
[2m../../../../ROBERT~1.MAU/AppData/Local/Temp/chromatic--15936-Ecb550ak1doQ/[22m[36massets/index-a1cf9e47.js                       [39m[1m[2m  0.49 kB[22m[1m[22m[2m │ gzip:   0.31 kB[22m
[2m../../../../ROBERT~1.MAU/AppData/Local/Temp/chromatic--15936-Ecb550ak1doQ/[22m[36massets/preview-08e2bbe4.js                     [39m[1m[2m  0.50 kB[22m[1m[22m[2m │ gzip:   0.30 kB[22m
[2m../../../../ROBERT~1.MAU/AppData/Local/Temp/chromatic--15936-Ecb550ak1doQ/[22m[36massets/react-18-988a5df2.js                    [39m[1m[2m  0.55 kB[22m[1m[22m[2m │ gzip:   0.34 kB[22m
[2m../../../../ROBERT~1.MAU/AppData/Local/Temp/chromatic--15936-Ecb550ak1doQ/[22m[36massets/preview-73104b77.js                     [39m[1m[2m  0.64 kB[22m[1m[22m[2m │ gzip:   0.45 kB[22m
[2m../../../../ROBERT~1.MAU/AppData/Local/Temp/chromatic--15936-Ecb550ak1doQ/[22m[36massets/_commonjsHelpers-de833af9.js            [39m[1m[2m  0.69 kB[22m[1m[22m[2m │ gzip:   0.38 kB[22m
[2m../../../../ROBERT~1.MAU/AppData/Local/Temp/chromatic--15936-Ecb550ak1doQ/[22m[36massets/index-356e4a49.js                       [39m[1m[2m  0.77 kB[22m[1m[22m[2m │ gzip:   0.47 kB[22m
[2m../../../../ROBERT~1.MAU/AppData/Local/Temp/chromatic--15936-Ecb550ak1doQ/[22m[36massets/index-8d47fad6.js                       [39m[1m[2m  0.80 kB[22m[1m[22m[2m │ gzip:   0.52 kB[22m
[2m../../../../ROBERT~1.MAU/AppData/Local/Temp/chromatic--15936-Ecb550ak1doQ/[22m[36massets/preview-0ef86afd.js                     [39m[1m[2m  0.86 kB[22m[1m[22m[2m │ gzip:   0.55 kB[22m
[2m../../../../ROBERT~1.MAU/AppData/Local/Temp/chromatic--15936-Ecb550ak1doQ/[22m[36massets/Header.stories-41ecad44.js              [39m[1m[2m  0.87 kB[22m[1m[22m[2m │ gzip:   0.45 kB[22m
[2m../../../../ROBERT~1.MAU/AppData/Local/Temp/chromatic--15936-Ecb550ak1doQ/[22m[36massets/jsx-runtime-29545a09.js                 [39m[1m[2m  0.97 kB[22m[1m[22m[2m │ gzip:   0.60 kB[22m
[2m../../../../ROBERT~1.MAU/AppData/Local/Temp/chromatic--15936-Ecb550ak1doQ/[22m[36massets/entry-preview-1f5c28fc.js               [39m[1m[2m  1.15 kB[22m[1m[22m[2m │ gzip:   0.67 kB[22m
[2m../../../../ROBERT~1.MAU/AppData/Local/Temp/chromatic--15936-Ecb550ak1doQ/[22m[36massets/DocsRenderer-NNNQARDV-1cb60f1c.js       [39m[1m[2m  1.25 kB[22m[1m[22m[2m │ gzip:   0.66 kB[22m
[2m../../../../ROBERT~1.MAU/AppData/Local/Temp/chromatic--15936-Ecb550ak1doQ/[22m[36massets/Button-8491c965.js                      [39m[1m[2m  1.44 kB[22m[1m[22m[2m │ gzip:   0.66 kB[22m
[2m../../../../ROBERT~1.MAU/AppData/Local/Temp/chromatic--15936-Ecb550ak1doQ/[22m[36massets/Header-d4353af9.js                      [39m[1m[2m  1.66 kB[22m[1m[22m[2m │ gzip:   0.81 kB[22m
[2m../../../../ROBERT~1.MAU/AppData/Local/Temp/chromatic--15936-Ecb550ak1doQ/[22m[36massets/Button.stories-9ce042cc.js              [39m[1m[2m  2.39 kB[22m[1m[22m[2m │ gzip:   0.77 kB[22m
[2m../../../../ROBERT~1.MAU/AppData/Local/Temp/chromatic--15936-Ecb550ak1doQ/[22m[36massets/index-11d98b33.js                       [39m[1m[2m  2.59 kB[22m[1m[22m[2m │ gzip:   1.26 kB[22m
[2m../../../../ROBERT~1.MAU/AppData/Local/Temp/chromatic--15936-Ecb550ak1doQ/[22m[36massets/preview-30b54f76.js                     [39m[1m[2m  3.21 kB[22m[1m[22m[2m │ gzip:   1.37 kB[22m
[2m../../../../ROBERT~1.MAU/AppData/Local/Temp/chromatic--15936-Ecb550ak1doQ/[22m[36massets/iframe-a1781a85.js                      [39m[1m[2m  4.93 kB[22m[1m[22m[2m │ gzip:   1.70 kB[22m
[2m../../../../ROBERT~1.MAU/AppData/Local/Temp/chromatic--15936-Ecb550ak1doQ/[22m[36massets/preview-d01b88e8.js                     [39m[1m[2m  5.23 kB[22m[1m[22m[2m │ gzip:   2.41 kB[22m
[2m../../../../ROBERT~1.MAU/AppData/Local/Temp/chromatic--15936-Ecb550ak1doQ/[22m[36massets/index-76fb7be0.js                       [39m[1m[2m  7.16 kB[22m[1m[22m[2m │ gzip:   2.91 kB[22m
[2m../../../../ROBERT~1.MAU/AppData/Local/Temp/chromatic--15936-Ecb550ak1doQ/[22m[36massets/preview-da31036b.js                     [39m[1m[2m  7.62 kB[22m[1m[22m[2m │ gzip:   1.55 kB[22m
[2m../../../../ROBERT~1.MAU/AppData/Local/Temp/chromatic--15936-Ecb550ak1doQ/[22m[36massets/preview-c56bf6ac.js                     [39m[1m[2m  8.28 kB[22m[1m[22m[2m │ gzip:   3.17 kB[22m
[2m../../../../ROBERT~1.MAU/AppData/Local/Temp/chromatic--15936-Ecb550ak1doQ/[22m[36massets/Configure-1c6f9e18.js                   [39m[1m[2m 16.94 kB[22m[1m[22m[2m │ gzip:   7.69 kB[22m
[2m../../../../ROBERT~1.MAU/AppData/Local/Temp/chromatic--15936-Ecb550ak1doQ/[22m[36massets/Color-6VNJS4EI-51732286.js              [39m[1m[2m 30.98 kB[22m[1m[22m[2m │ gzip:  11.70 kB[22m
[2m../../../../ROBERT~1.MAU/AppData/Local/Temp/chromatic--15936-Ecb550ak1doQ/[22m[36massets/preview-21802b0a.js                     [39m[1m[2m 72.07 kB[22m[1m[22m[2m │ gzip:  24.41 kB[22m
[2m../../../../ROBERT~1.MAU/AppData/Local/Temp/chromatic--15936-Ecb550ak1doQ/[22m[36massets/index-8fd8397b.js                       [39m[1m[2m 78.40 kB[22m[1m[22m[2m │ gzip:  23.55 kB[22m
[2m../../../../ROBERT~1.MAU/AppData/Local/Temp/chromatic--15936-Ecb550ak1doQ/[22m[36massets/index-d3ea75b5.js                       [39m[1m[2m134.07 kB[22m[1m[22m[2m │ gzip:  43.21 kB[22m
[2m../../../../ROBERT~1.MAU/AppData/Local/Temp/chromatic--15936-Ecb550ak1doQ/[22m[36massets/entry-preview-docs-ffa139cb.js          [39m[1m[2m212.42 kB[22m[1m[22m[2m │ gzip:  66.49 kB[22m
[2m../../../../ROBERT~1.MAU/AppData/Local/Temp/chromatic--15936-Ecb550ak1doQ/[22m[36massets/index-cf78ec84.js                       [39m[1m[33m538.01 kB[39m[22m[2m │ gzip: 175.72 kB[22m
[2m../../../../ROBERT~1.MAU/AppData/Local/Temp/chromatic--15936-Ecb550ak1doQ/[22m[36massets/Page.stories-1f1126c9.js                [39m[1m[33m563.09 kB[39m[22m[2m │ gzip: 149.74 kB[22m
[2m../../../../ROBERT~1.MAU/AppData/Local/Temp/chromatic--15936-Ecb550ak1doQ/[22m[36massets/formatter-SWP5E3XI-4954b91e.js          [39m[1m[33m601.56 kB[39m[22m[2m │ gzip: 186.20 kB[22m
[33m
(!) Some chunks are larger than 500 kBs after minification. Consider:
- Using dynamic import() to code-split the application
- Use build.rollupOptions.output.manualChunks to improve chunking: https://rollupjs.org/configuration-options/#output-manualchunks
- Adjust chunk size limit for this warning via build.chunkSizeWarningLimit.[39m
[32m✓ built in 9.00s[39m
info => Preview built (9.7 s)
info => Output directory: C:\Users\ROBERT~1.MAU\AppData\Local\Temp\chromatic--15936-Ecb550ak1doQ
